********************************************************************************
log created at: Mon Feb 17 18:29:16 2020
********************************************************************************
 
********************************************************************************
Results of the check: 
********************************************************************************
 
AS_SC_ADINT_06AUG2019.xlsx  :  CHECK !
AS_SC_BIO_17FEB2020.xlsx  :  CHECK !
AS_SC_CATVB_17FEB2020.xlsx  :  OK
AS_SC_HKTASK_17FEB2020.xlsx  :  OK
AS_SC_HTKS_17FEB2020.xlsx  :  OK
AS_SC_MMT_22FEB2017.xlsx  :  OK
AS_SC_NCKLOVIM_17FEB2020.xlsx  :  CHECK !
AS_SC_PHRE_17FEB2020.xlsx  :  OK
AS_SC_PID_06AUG2019.xlsx  :  CHECK !
AS_SC_PID_noNames_06AUG2019.xlsx  :  OK
AS_SC_PZOVIM_06AUG2019.xlsx  :  OK
 
********************************************************************************
List of files with number of problems: 
********************************************************************************
 
AS_SC_BIO_17FEB2020.xlsx  :  2
 
********************************************************************************
List of files with warnings: 
********************************************************************************
 
--> 
AS_SC_ADINT_06AUG2019.xlsx :
Variable Q1_sub_age_text is not present in both database and dictionary TREE. Please check spelling.
Variable comments5 is not present in both database and dictionary TREE. Please check spelling.
 
--> 
AS_SC_BIO_17FEB2020.xlsx :
Variable Height_stand_cm is not present in both database and dictionary TREE. Please check spelling.
Variable height_sit_cm is not present in both database and dictionary TREE. Please check spelling.
Variable what.we.think.height.should.be..cm. is not present in both database and dictionary TREE. Please check spelling.
 
--> 
AS_SC_NCKLOVIM_17FEB2020.xlsx :
Variable comment is not present in both database and dictionary TREE. Please check spelling.
 
--> 
AS_SC_PID_06AUG2019.xlsx :
Variable Father is not present in both database and dictionary TREE. Please check spelling.
Variable Mother is not present in both database and dictionary TREE. Please check spelling.
Variable bio_sex is not present in both database and dictionary TREE. Please check spelling.
Variable bio_age is not present in both database and dictionary TREE. Please check spelling.
Variable Original_PID_Sex is not present in both database and dictionary TREE. Please check spelling.
Variable Sex_Changed_from_OG is not present in both database and dictionary TREE. Please check spelling.
Variable Original_PID_dob is not present in both database and dictionary TREE. Please check spelling.
Variable New_Birth_year is not present in both database and dictionary TREE. Please check spelling.
Variable DOB_Changed_from_OG is not present in both database and dictionary TREE. Please check spelling.
 
