********************************************************************************
log created at: Mon Aug 26 18:19:55 2019
********************************************************************************
 
********************************************************************************
Results of the check: 
********************************************************************************
 
MA_JW_ACAKN_08AUG2019.xlsx  :  OK
MA_JW_BIO_08AUG2019.xlsx  :  CHECK !
MA_JW_CATVB_08AUG2019.xlsx  :  OK
MA_JW_CHINT_19APR2019.xlsx  :  OK
MA_JW_HKTASK_08AUG2019.xlsx  :  OK
MA_JW_HTKS_08AUG2018.xlsx  :  CHECK !
MA_JW_MMT_08AUG2019.xlsx  :  OK
MA_JW_NCKLOVIM_15JUL2019.xlsx  :  CHECK !
MA_JW_PHRE_08AUG2019.xlsx  :  OK
MA_JW_PZOVIM_08AUG2019.xlsx  :  CHECK !
MA_JWGP_PID_noNames_08AUG2019.xlsx  :  OK
MM_FF_ACAKN_12JUL2019.xlsx  :  CHECK !
MM_FF_BIO_03JUN2019.xlsx  :  CHECK !
MM_FF_CATVB_15JUL2019.xlsx  :  CHECK !
MM_FF_CHIKNT_16JUL2019.xlsx  :  CHECK !
MM_FF_CKNTTH_17JUL2019.xlsx  :  CHECK !
MM_FF_CRGKT_15JUL2019.xlsx  :  CHECK !
MM_FF_HKTASK_17JUL2019.xlsx  :  CHECK !
MM_FF_HTKS_08JUL2019.xlsx  :  OK
MM_FF_MMT_19JUL2019.xlsx  :  CHECK !
MM_FF_NCKLOVIM_16JUL2019.xlsx  :  OK
MM_FF_PARTSURV_24JUL2019.xlsx  :  CHECK !
MM_FF_PHRE_09JUL2019.xlsx  :  OK
MM_FF_PID_25JUL2019.xlsx  :  CHECK !
MM_FF_PZOVIM_03JUL2019.xlsx  :  OK
MM_FF_QT_11JUL2019.xlsx  :  OK
 
********************************************************************************
List of files with number of problems: 
********************************************************************************
 
MA_JW_BIO_08AUG2019.xlsx  :  25
MA_JW_HTKS_08AUG2018.xlsx  :  1
MA_JW_NCKLOVIM_15JUL2019.xlsx  :  5
MM_FF_ACAKN_12JUL2019.xlsx  :  2
MM_FF_CATVB_15JUL2019.xlsx  :  122
MM_FF_CHIKNT_16JUL2019.xlsx  :  55
MM_FF_CKNTTH_17JUL2019.xlsx  :  38
MM_FF_CRGKT_15JUL2019.xlsx  :  4
MM_FF_HKTASK_17JUL2019.xlsx  :  56
MM_FF_MMT_19JUL2019.xlsx  :  3
MM_FF_PARTSURV_24JUL2019.xlsx  :  151
 
********************************************************************************
List of files with warnings: 
********************************************************************************
 
--> 
MA_JW_BIO_08AUG2019.xlsx :
Variable seat_height is not present in both database and dictionary TREE. Please check spelling.
 
--> 
MA_JW_PZOVIM_08AUG2019.xlsx :
Variable num_other_box_taps is not present in both database and dictionary TREE. Please check spelling.
Variable verb_prompt_bg is not present in both database and dictionary TREE. Please check spelling.
Variable verb_prompt_sm is not present in both database and dictionary TREE. Please check spelling.
Variable verb_prompt_uk is not present in both database and dictionary TREE. Please check spelling.
Variable vis_prompt_bg is not present in both database and dictionary TREE. Please check spelling.
Variable vis_prompt_sm is not present in both database and dictionary TREE. Please check spelling.
Variable materials_mistake_bg is not present in both database and dictionary TREE. Please check spelling.
Variable materials_mistake_sm is not present in both database and dictionary TREE. Please check spelling.
Variable demo_mistake_bg is not present in both database and dictionary TREE. Please check spelling.
Variable demo_mistake_sm is not present in both database and dictionary TREE. Please check spelling.
Variable app_malf_bg is not present in both database and dictionary TREE. Please check spelling.
Variable app_malf_sm is not present in both database and dictionary TREE. Please check spelling.
Variable memo_mistake_bg is not present in both database and dictionary TREE. Please check spelling.
Variable memo_mistake_sm is not present in both database and dictionary TREE. Please check spelling.
Variable watched_bg is not present in both database and dictionary TREE. Please check spelling.
Variable watched_sm is not present in both database and dictionary TREE. Please check spelling.
Variable distraction is not present in both database and dictionary TREE. Please check spelling.
Variable background is not present in both database and dictionary TREE. Please check spelling.
Variable exp_eyes_inview is not present in both database and dictionary TREE. Please check spelling.
Variable error_comments is not present in both database and dictionary TREE. Please check spelling.
 
--> 
MM_FF_BIO_03JUN2019.xlsx :
Variable pregnant is not present in both database and dictionary TREE. Please check spelling.
Variable handed_draw is not present in both database and dictionary TREE. Please check spelling.
 
--> 
MM_FF_CKNTTH_17JUL2019.xlsx :
Variable knot_success_teacher is not present in both database and dictionary TREE. Please check spelling.
 
--> 
MM_FF_PARTSURV_24JUL2019.xlsx :
Variable CHILD is not present in both database and dictionary TREE. Please check spelling.
Variable ADULTS is not present in both database and dictionary TREE. Please check spelling.
 
--> 
MM_FF_PID_25JUL2019.xlsx :
Variable Age_method is not present in both database and dictionary TREE. Please check spelling.
 
