********************************************************************************
log created at: Thu Oct 17 13:16:03 2019
********************************************************************************
 
********************************************************************************
Results of the check: 
********************************************************************************
 
NA_SG_ACAKN_16OCT2019.xlsx  :  CHECK !
NA_SG_NCKLOVIM_16OCT2019.xlsx  :  CHECK !
NA_SG_PID_17OCT2019.xlsx  :  CHECK !
NA_SG_PID_noNames_17OCT2019.xlsx  :  CHECK !
NA_SG_PZOVIM_16OCT2019.xlsx  :  CHECK !
 
********************************************************************************
List of files with number of problems: 
********************************************************************************
 
NA_SG_ACAKN_16OCT2019.xlsx  :  1
NA_SG_PID_17OCT2019.xlsx  :  435
 
********************************************************************************
List of files with warnings: 
********************************************************************************
 
--> 
NA_SG_ACAKN_16OCT2019.xlsx :
Variable Comments is not present in both database and dictionary TREE. Please check spelling.
Variable Notes is not present in both database and dictionary TREE. Please check spelling.
 
--> 
NA_SG_NCKLOVIM_16OCT2019.xlsx :
Variable Notes is not present in both database and dictionary TREE. Please check spelling.
Variable string color is not present in both database and dictionary TREE. Please check spelling.
Variable lifted nckl is not present in both database and dictionary TREE. Please check spelling.
Variable Reset materials is not present in both database and dictionary TREE. Please check spelling.
Variable RA prompt is not present in both database and dictionary TREE. Please check spelling.
Variable RA prompt code is not present in both database and dictionary TREE. Please check spelling.
Variable Part question is not present in both database and dictionary TREE. Please check spelling.
 
--> 
NA_SG_PID_17OCT2019.xlsx :
Variable L.Name is not present in both database and dictionary TREE. Please check spelling.
Variable F.Name is not present in both database and dictionary TREE. Please check spelling.
Variable Age is not present in both database and dictionary TREE. Please check spelling.
Variable newage is not present in both database and dictionary TREE. Please check spelling.
Variable comboage is not present in both database and dictionary TREE. Please check spelling.
Variable C_PID is not present in both database and dictionary TREE. Please check spelling.
Variable school is not present in both database and dictionary TREE. Please check spelling.
Variable effectivebirthday is not present in both database and dictionary TREE. Please check spelling.
 
--> 
NA_SG_PID_noNames_17OCT2019.xlsx :
Variable C_PID is not present in both database and dictionary TREE. Please check spelling.
 
--> 
NA_SG_PZOVIM_16OCT2019.xlsx :
Variable RESET MATERIALS is not present in both database and dictionary TREE. Please check spelling.
Variable RA PROMPT is not present in both database and dictionary TREE. Please check spelling.
Variable RA PROMPT CODE is not present in both database and dictionary TREE. Please check spelling.
 
